<?xml version="1.0" encoding="UTF-8"?>
<!-- Generated by org.testng.reporters.JUnitXMLReporter -->
<testsuite hostname="RamMohan-QA" name="Default test" tests="3" failures="0" timestamp="7 Feb 2019 07:02:13 GMT" time="1.5" errors="0">
  <testcase name="getAllStudents" time="0.549" classname="com.vivasa.qa.rest.automation.test.Cello"/>
  <testcase name="getCardById" time="0.243" classname="com.vivasa.qa.rest.automation.test.Cello"/>
  <testcase name="deleteCardById" time="0.254" classname="com.vivasa.qa.rest.automation.test.Cello"/>
</testsuite> <!-- Default test -->
