<?xml version="1.0" encoding="UTF-8"?>
<testng-results skipped="0" failed="0" total="3" passed="3">
  <reporter-output>
  </reporter-output>
  <suite name="Default suite" duration-ms="1500" started-at="2019-02-07T07:02:11Z" finished-at="2019-02-07T07:02:13Z">
    <groups>
    </groups>
    <test name="Default test" duration-ms="1500" started-at="2019-02-07T07:02:11Z" finished-at="2019-02-07T07:02:13Z">
      <class name="com.vivasa.qa.rest.automation.test.Cello">
        <test-method status="PASS" signature="config()[pri:0, instance:com.vivasa.qa.rest.automation.test.Cello@7dc7cbad]" name="config" is-config="true" duration-ms="380" started-at="2019-02-07T12:32:11Z" finished-at="2019-02-07T12:32:12Z">
          <reporter-output>
          </reporter-output>
        </test-method> <!-- config -->
        <test-method status="PASS" signature="getAllStudents()[pri:1, instance:com.vivasa.qa.rest.automation.test.Cello@7dc7cbad]" name="getAllStudents" duration-ms="549" started-at="2019-02-07T12:32:12Z" finished-at="2019-02-07T12:32:12Z">
          <reporter-output>
          </reporter-output>
        </test-method> <!-- getAllStudents -->
        <test-method status="PASS" signature="config()[pri:0, instance:com.vivasa.qa.rest.automation.test.Cello@7dc7cbad]" name="config" is-config="true" duration-ms="9" started-at="2019-02-07T12:32:12Z" finished-at="2019-02-07T12:32:12Z">
          <reporter-output>
          </reporter-output>
        </test-method> <!-- config -->
        <test-method status="PASS" signature="getCardById()[pri:2, instance:com.vivasa.qa.rest.automation.test.Cello@7dc7cbad]" name="getCardById" duration-ms="243" started-at="2019-02-07T12:32:12Z" finished-at="2019-02-07T12:32:13Z">
          <reporter-output>
          </reporter-output>
        </test-method> <!-- getCardById -->
        <test-method status="PASS" signature="config()[pri:0, instance:com.vivasa.qa.rest.automation.test.Cello@7dc7cbad]" name="config" is-config="true" duration-ms="31" started-at="2019-02-07T12:32:13Z" finished-at="2019-02-07T12:32:13Z">
          <reporter-output>
          </reporter-output>
        </test-method> <!-- config -->
        <test-method status="PASS" signature="deleteCardById()[pri:3, instance:com.vivasa.qa.rest.automation.test.Cello@7dc7cbad]" name="deleteCardById" duration-ms="254" started-at="2019-02-07T12:32:13Z" finished-at="2019-02-07T12:32:13Z">
          <reporter-output>
          </reporter-output>
        </test-method> <!-- deleteCardById -->
      </class> <!-- com.vivasa.qa.rest.automation.test.Cello -->
    </test> <!-- Default test -->
  </suite> <!-- Default suite -->
</testng-results>
